<?xml version="1.0" encoding="UTF-8"?>
<!-- Generated by org.testng.reporters.JUnitReportReporter -->
<testsuite skipped="0" hostname="Sproutlogix" name="pack.Paramet2" tests="1" failures="0" timestamp="2019-12-16T09:00:49 IST" time="0.032" errors="0">
  <testcase name="Pa" time="0.032" classname="pack.Paramet2"/>
</testsuite> <!-- pack.Paramet2 -->
