<?xml version="1.0" encoding="UTF-8"?>
<!-- Generated by org.testng.reporters.JUnitReportReporter -->
<testsuite skipped="0" hostname="Sproutlogix" name="synchronization.Implicit" tests="2" failures="0" timestamp="2020-01-10T15:00:13 IST" time="51.453" errors="0">
  <testcase name="redbusfrom" time="16.110" classname="synchronization.Implicit"/>
  <testcase name="redbusto" time="35.343" classname="synchronization.Implicit"/>
</testsuite> <!-- synchronization.Implicit -->
