<?xml version="1.0" encoding="UTF-8"?>
<!-- Generated by org.testng.reporters.JUnitReportReporter -->
<testsuite skipped="4" hostname="Sproutlogix" name="dropdownday1st.MakeMyTrip" tests="5" failures="0" timestamp="2020-01-08T16:00:08 IST" time="20.053" errors="0">
  <testcase name="Traveller" time="20.053" classname="dropdownday1st.MakeMyTrip"/>
  <testcase name="FromTo" classname="dropdownday1st.MakeMyTrip">
    <skipped/>
  </testcase> <!-- FromTo -->
  <testcase name="Departuredate" classname="dropdownday1st.MakeMyTrip">
    <skipped/>
  </testcase> <!-- Departuredate -->
  <testcase name="Tocity" classname="dropdownday1st.MakeMyTrip">
    <skipped/>
  </testcase> <!-- Tocity -->
  <testcase name="returnArea" classname="dropdownday1st.MakeMyTrip">
    <skipped/>
  </testcase> <!-- returnArea -->
</testsuite> <!-- dropdownday1st.MakeMyTrip -->
