<?xml version="1.0" encoding="UTF-8"?>
<!-- Generated by org.testng.reporters.JUnitReportReporter -->
<testsuite skipped="3" hostname="Sproutlogix" name="dropdownday1st.StaticDrpDown" tests="5" failures="0" timestamp="2020-01-03T14:57:26 IST" time="29.126" errors="0">
  <testcase name="selectByValue" time="15.202" classname="dropdownday1st.StaticDrpDown"/>
  <testcase name="selectByIndex" time="13.924" classname="dropdownday1st.StaticDrpDown"/>
  <testcase name="testCase" classname="dropdownday1st.StaticDrpDown">
    <skipped/>
  </testcase> <!-- testCase -->
  <testcase name="selectByIndex1" classname="dropdownday1st.StaticDrpDown">
    <skipped/>
  </testcase> <!-- selectByIndex1 -->
  <testcase name="selectstartendpoint" classname="dropdownday1st.StaticDrpDown">
    <skipped/>
  </testcase> <!-- selectstartendpoint -->
</testsuite> <!-- dropdownday1st.StaticDrpDown -->
