<?xml version="1.0" encoding="UTF-8"?>
<!-- Generated by org.testng.reporters.JUnitReportReporter -->
<testsuite skipped="0" hostname="Sproutlogix" name="dropdownday1st.Autosuggest" tests="2" failures="0" timestamp="2020-01-07T09:14:41 IST" time="49.183" errors="0">
  <testcase name="redbusfrom" time="30.341" classname="dropdownday1st.Autosuggest"/>
  <testcase name="redbusto" time="18.842" classname="dropdownday1st.Autosuggest"/>
</testsuite> <!-- dropdownday1st.Autosuggest -->
