<?xml version="1.0" encoding="UTF-8"?>
<!-- Generated by org.testng.reporters.JUnitReportReporter -->
<testsuite skipped="3" hostname="Sproutlogix" name="subdriver.MakeSubDriver" tests="4" failures="0" timestamp="2020-01-21T15:07:45 IST" time="21.996" errors="0">
  <testcase name="redbussubdriver" time="21.996" classname="subdriver.MakeSubDriver"/>
  <testcase name="driver" classname="subdriver.MakeSubDriver">
    <skipped/>
  </testcase> <!-- driver -->
  <testcase name="cal" classname="subdriver.MakeSubDriver">
    <skipped/>
  </testcase> <!-- cal -->
  <testcase name="login" classname="subdriver.MakeSubDriver">
    <skipped/>
  </testcase> <!-- login -->
</testsuite> <!-- subdriver.MakeSubDriver -->
