<?xml version="1.0" encoding="UTF-8"?>
<!-- Generated by org.testng.reporters.JUnitReportReporter -->
<testsuite skipped="4" hostname="Sproutlogix" name="calenderandTable.Calender" tests="5" failures="0" timestamp="2020-01-27T11:28:58 IST" time="28.635" errors="0">
  <testcase name="sd" time="28.635" classname="calenderandTable.Calender"/>
  <testcase name="spicejtcal" classname="calenderandTable.Calender">
    <skipped/>
  </testcase> <!-- spicejtcal -->
  <testcase name="path2usacalender" classname="calenderandTable.Calender">
    <skipped/>
  </testcase> <!-- path2usacalender -->
  <testcase name="cal5" classname="calenderandTable.Calender">
    <skipped/>
  </testcase> <!-- cal5 -->
  <testcase name="cla4" classname="calenderandTable.Calender">
    <skipped/>
  </testcase> <!-- cla4 -->
</testsuite> <!-- calenderandTable.Calender -->
