<?xml version="1.0" encoding="UTF-8"?>
<!-- Generated by org.testng.reporters.JUnitReportReporter -->
<testsuite skipped="2" hostname="Sproutlogix" name="mouseevents.Windowhandleclass" tests="4" failures="0" timestamp="2020-01-12T23:11:55 IST" time="20.146" errors="0">
  <testcase name="WindowHandles2" time="9.459" classname="mouseevents.Windowhandleclass"/>
  <testcase name="FramesTest" time="10.687" classname="mouseevents.Windowhandleclass"/>
  <testcase name="SpicejetActionClass" classname="mouseevents.Windowhandleclass">
    <skipped/>
  </testcase> <!-- SpicejetActionClass -->
  <testcase name="HandlingMultipleWindows" classname="mouseevents.Windowhandleclass">
    <skipped/>
  </testcase> <!-- HandlingMultipleWindows -->
</testsuite> <!-- mouseevents.Windowhandleclass -->
