<?xml version="1.0" encoding="UTF-8"?>
<!-- Generated by org.testng.reporters.JUnitReportReporter -->
<testsuite skipped="7" hostname="Sproutlogix" name="dropdownday1st.sdropdown" tests="8" failures="0" timestamp="2020-01-05T00:34:24 IST" time="12.009" errors="0">
  <testcase name="redbusfromdropdown" time="12.009" classname="dropdownday1st.sdropdown"/>
  <testcase name="FamilyandFriends" classname="dropdownday1st.sdropdown">
    <skipped/>
  </testcase> <!-- FamilyandFriends -->
  <testcase name="PASSENGERSINFANT" classname="dropdownday1st.sdropdown">
    <skipped/>
  </testcase> <!-- PASSENGERSINFANT -->
  <testcase name="PASSENGERSAdult" classname="dropdownday1st.sdropdown">
    <skipped/>
  </testcase> <!-- PASSENGERSAdult -->
  <testcase name="onetrip" classname="dropdownday1st.sdropdown">
    <skipped/>
  </testcase> <!-- onetrip -->
  <testcase name="PASSENGERSChild" classname="dropdownday1st.sdropdown">
    <skipped/>
  </testcase> <!-- PASSENGERSChild -->
  <testcase name="from" classname="dropdownday1st.sdropdown">
    <skipped/>
  </testcase> <!-- from -->
  <testcase name="CURRENCY" classname="dropdownday1st.sdropdown">
    <skipped/>
  </testcase> <!-- CURRENCY -->
</testsuite> <!-- dropdownday1st.sdropdown -->
