<?xml version="1.0" encoding="UTF-8"?>
<!-- Generated by org.testng.reporters.JUnitReportReporter -->
<testsuite skipped="12" hostname="Sproutlogix" name="dropdownday1st.practisDropdown" tests="13" failures="0" timestamp="2020-01-17T12:19:31 IST" time="13.863" errors="0">
  <testcase name="toolsqa" time="13.863" classname="dropdownday1st.practisDropdown"/>
  <testcase name="search" classname="dropdownday1st.practisDropdown">
    <skipped/>
  </testcase> <!-- search -->
  <testcase name="loc" classname="dropdownday1st.practisDropdown">
    <skipped/>
  </testcase> <!-- loc -->
  <testcase name="staticDropdown1" classname="dropdownday1st.practisDropdown">
    <skipped/>
  </testcase> <!-- staticDropdown1 -->
  <testcase name="Oneway" classname="dropdownday1st.practisDropdown">
    <skipped/>
  </testcase> <!-- Oneway -->
  <testcase name="onew" classname="dropdownday1st.practisDropdown">
    <skipped/>
  </testcase> <!-- onew -->
  <testcase name="staticDropdown3" classname="dropdownday1st.practisDropdown">
    <skipped/>
  </testcase> <!-- staticDropdown3 -->
  <testcase name="staticDropdown4" classname="dropdownday1st.practisDropdown">
    <skipped/>
  </testcase> <!-- staticDropdown4 -->
  <testcase name="DriverLounch" classname="dropdownday1st.practisDropdown">
    <skipped/>
  </testcase> <!-- DriverLounch -->
  <testcase name="RoundTrip" classname="dropdownday1st.practisDropdown">
    <skipped/>
  </testcase> <!-- RoundTrip -->
  <testcase name="staticDropdown" classname="dropdownday1st.practisDropdown">
    <skipped/>
  </testcase> <!-- staticDropdown -->
  <testcase name="cal" classname="dropdownday1st.practisDropdown">
    <skipped/>
  </testcase> <!-- cal -->
  <testcase name="mk" classname="dropdownday1st.practisDropdown">
    <skipped/>
  </testcase> <!-- mk -->
</testsuite> <!-- dropdownday1st.practisDropdown -->
