<?xml version="1.0" encoding="UTF-8"?>
<!-- Generated by org.testng.reporters.JUnitReportReporter -->
<testsuite skipped="0" hostname="Sproutlogix" name="revise.RAnnotations" tests="3" failures="0" timestamp="2020-01-27T16:37:07 IST" time="0.029" errors="0">
  <testcase name="testcase3" time="0.007" classname="revise.RAnnotations"/>
  <testcase name="testcase2" time="0.007" classname="revise.RAnnotations"/>
  <testcase name="testcase1" time="0.015" classname="revise.RAnnotations"/>
</testsuite> <!-- revise.RAnnotations -->
