<?xml version="1.0" encoding="UTF-8"?>
<!-- Generated by org.testng.reporters.JUnitReportReporter -->
<testsuite skipped="0" hostname="Sproutlogix" name="testngdayone.ClassTest1" tests="1" failures="0" timestamp="2019-12-07T22:55:33 IST" time="0.004" errors="0">
  <testcase name="Testcase4" time="0.004" classname="testngdayone.ClassTest1"/>
</testsuite> <!-- testngdayone.ClassTest1 -->
