<?xml version="1.0" encoding="UTF-8"?>
<!-- Generated by org.testng.reporters.JUnitReportReporter -->
<testsuite skipped="0" hostname="Sproutlogix" name="testngdayone.NewTest" tests="2" failures="0" timestamp="2019-12-07T22:55:33 IST" time="0.016" errors="0">
  <testcase name="A" time="0.012" classname="testngdayone.NewTest"/>
  <testcase name="Testcase2" time="0.004" classname="testngdayone.NewTest"/>
</testsuite> <!-- testngdayone.NewTest -->
