<?xml version="1.0" encoding="UTF-8"?>
<!-- Generated by org.testng.reporters.JUnitReportReporter -->
<testsuite skipped="0" hostname="Sproutlogix" name="mavenfirst.WebDrivermetho" tests="1" failures="0" timestamp="2019-12-09T13:21:28 IST" time="10.285" errors="0">
  <testcase name="Login" time="10.285" classname="mavenfirst.WebDrivermetho"/>
</testsuite> <!-- mavenfirst.WebDrivermetho -->
