<?xml version="1.0" encoding="UTF-8"?>
<!-- Generated by org.testng.reporters.JUnitReportReporter -->
<testsuite skipped="0" hostname="Sproutlogix" name="testngdayone.AllAnnotation" tests="3" failures="0" timestamp="2019-12-07T22:56:23 IST" time="0.028" errors="0">
  <testcase name="Testcase1" time="0.008" classname="testngdayone.AllAnnotation"/>
  <testcase name="Testcase2" time="0.008" classname="testngdayone.AllAnnotation"/>
  <testcase name="Testcase3" time="0.012" classname="testngdayone.AllAnnotation"/>
</testsuite> <!-- testngdayone.AllAnnotation -->
