<?xml version="1.0" encoding="UTF-8"?>
<!-- Generated by org.testng.reporters.JUnitReportReporter -->
<testsuite skipped="0" hostname="Sproutlogix" name="mewpackage.Classc" tests="3" failures="0" timestamp="2019-12-08T12:19:16 IST" time="0.012" errors="0">
  <testcase name="Q7" time="0.003" classname="mewpackage.Classc"/>
  <testcase name="Q5" time="0.004" classname="mewpackage.Classc"/>
  <testcase name="Q6" time="0.005" classname="mewpackage.Classc"/>
</testsuite> <!-- mewpackage.Classc -->
