<?xml version="1.0" encoding="UTF-8"?>
<!-- Generated by org.testng.reporters.JUnitReportReporter -->
<testsuite skipped="0" hostname="Sproutlogix" name="testngpractis.testngA" tests="2" failures="0" timestamp="2019-12-07T23:21:57 IST" time="0.020" errors="0">
  <testcase name="B" time="0.004" classname="testngpractis.testngA"/>
  <testcase name="A" time="0.016" classname="testngpractis.testngA"/>
</testsuite> <!-- testngpractis.testngA -->
