<?xml version="1.0" encoding="UTF-8"?>
<!-- Generated by org.testng.reporters.JUnitReportReporter -->
<testsuite skipped="0" hostname="Sproutlogix" name="mewpackage.ClassB" tests="2" failures="0" timestamp="2019-12-08T12:19:16 IST" time="0.006" errors="0">
  <testcase name="Q2" time="0.004" classname="mewpackage.ClassB"/>
  <testcase name="Q1" time="0.002" classname="mewpackage.ClassB"/>
</testsuite> <!-- mewpackage.ClassB -->
